# JRE version: OpenJDK Runtime Environment Temurin-21.0.8+9 (21.0.8+9) (build 21.0.8+9-LTS)
# Java VM: OpenJDK 64-Bit Server VM Temurin-21.0.8+9 (21.0.8+9-LTS, mixed mode, sharing, tiered, compressed oops, compressed class ptrs, parallel gc, windows-amd64)
GC Precious Log:
 CardTable entry size: 512
 CPUs: 4 total, 4 available
 Memory: 12054M
 Large Page Support: Disabled
 NUMA Support: Disabled
 Compressed Oops: Enabled (32-bit)
 Alignments: Space 512K, Generation 512K, Heap 2M
 Heap Min Capacity: 100M
 Heap Initial Capacity: 100M
 Heap Max Capacity: 2G
 Pre-touch: Disabled
 Parallel Workers: 4
Heap:
 PSYoungGen      total 6656K, used 3452K [0x00000000d5580000, 0x00000000d6000000, 0x0000000100000000)
  eden space 6144K, 54% used [0x00000000d5580000,0x00000000d58c7118,0x00000000d5b80000)
  from space 512K, 18% used [0x00000000d5f80000,0x00000000d5f98000,0x00000000d6000000)
  to   space 512K, 0% used [0x00000000d5f00000,0x00000000d5f00000,0x00000000d5f80000)
 ParOldGen       total 1050112K, used 786507K [0x0000000080000000, 0x00000000c0180000, 0x00000000d5580000)
  object space 1050112K, 74% used [0x0000000080000000,0x00000000b0012fd8,0x00000000c0180000)
 Metaspace       used 98522K, committed 100352K, reserved 1179648K
  class space    used 9973K, committed 10816K, reserved 1048576K
GC Heap History (20 events):
Event: 5442.569 GC heap before
{Heap before GC invocations=3413 (full 6):
 PSYoungGen      total 8192K, used 7962K [0x00000000d5580000, 0x00000000d6280000, 0x0000000100000000)
  eden space 6144K, 100% used [0x00000000d5580000,0x00000000d5b80000,0x00000000d5b80000)
  from space 2048K, 88% used [0x00000000d6080000,0x00000000d62468e0,0x00000000d6280000)
  to   space 3072K, 0% used [0x00000000d5c80000,0x00000000d5c80000,0x00000000d5f80000)
 ParOldGen       total 1050112K, used 776744K [0x0000000080000000, 0x00000000c0180000, 0x00000000d5580000)
  object space 1050112K, 73% used [0x0000000080000000,0x00000000af68a2e0,0x00000000c0180000)
 Metaspace       used 98456K, committed 100288K, reserved 1179648K
  class space    used 9973K, committed 10816K, reserved 1048576K
}
Event: 5442.573 GC heap after
{Heap after GC invocations=3413 (full 6):
 PSYoungGen      total 9216K, used 128K [0x00000000d5580000, 0x00000000d6100000, 0x0000000100000000)
  eden space 6144K, 0% used [0x00000000d5580000,0x00000000d5580000,0x00000000d5b80000)
  from space 3072K, 4% used [0x00000000d5c80000,0x00000000d5ca0000,0x00000000d5f80000)
  to   space 1024K, 0% used [0x00000000d6000000,0x00000000d6000000,0x00000000d6100000)
 ParOldGen       total 1050112K, used 778221K [0x0000000080000000, 0x00000000c0180000, 0x00000000d5580000)
  object space 1050112K, 74% used [0x0000000080000000,0x00000000af7fb6d0,0x00000000c0180000)
 Metaspace       used 98456K, committed 100288K, reserved 1179648K
  class space    used 9973K, committed 10816K, reserved 1048576K
}
Event: 5442.582 GC heap before
{Heap before GC invocations=3414 (full 6):
 PSYoungGen      total 9216K, used 6272K [0x00000000d5580000, 0x00000000d6100000, 0x0000000100000000)
  eden space 6144K, 100% used [0x00000000d5580000,0x00000000d5b80000,0x00000000d5b80000)
  from space 3072K, 4% used [0x00000000d5c80000,0x00000000d5ca0000,0x00000000d5f80000)
  to   space 1024K, 0% used [0x00000000d6000000,0x00000000d6000000,0x00000000d6100000)
 ParOldGen       total 1050112K, used 778221K [0x0000000080000000, 0x00000000c0180000, 0x00000000d5580000)
  object space 1050112K, 74% used [0x0000000080000000,0x00000000af7fb6d0,0x00000000c0180000)
 Metaspace       used 98456K, committed 100288K, reserved 1179648K
  class space    used 9973K, committed 10816K, reserved 1048576K
}
Event: 5442.584 GC heap after
{Heap after GC invocations=3414 (full 6):
 PSYoungGen      total 7168K, used 921K [0x00000000d5580000, 0x00000000d6100000, 0x0000000100000000)
  eden space 6144K, 0% used [0x00000000d5580000,0x00000000d5580000,0x00000000d5b80000)
  from space 1024K, 89% used [0x00000000d6000000,0x00000000d60e6410,0x00000000d6100000)
  to   space 1536K, 0% used [0x00000000d5e00000,0x00000000d5e00000,0x00000000d5f80000)
 ParOldGen       total 1050112K, used 778285K [0x0000000080000000, 0x00000000c0180000, 0x00000000d5580000)
  object space 1050112K, 74% used [0x0000000080000000,0x00000000af80b6d0,0x00000000c0180000)
 Metaspace       used 98456K, committed 100288K, reserved 1179648K
  class space    used 9973K, committed 10816K, reserved 1048576K
}
Event: 5443.328 GC heap before
{Heap before GC invocations=3415 (full 6):
 PSYoungGen      total 7168K, used 7065K [0x00000000d5580000, 0x00000000d6100000, 0x0000000100000000)
  eden space 6144K, 100% used [0x00000000d5580000,0x00000000d5b80000,0x00000000d5b80000)
  from space 1024K, 89% used [0x00000000d6000000,0x00000000d60e6410,0x00000000d6100000)
  to   space 1536K, 0% used [0x00000000d5e00000,0x00000000d5e00000,0x00000000d5f80000)
 ParOldGen       total 1050112K, used 778285K [0x0000000080000000, 0x00000000c0180000, 0x00000000d5580000)
  object space 1050112K, 74% used [0x0000000080000000,0x00000000af80b6d0,0x00000000c0180000)
 Metaspace       used 98456K, committed 100288K, reserved 1179648K
  class space    used 9973K, committed 10816K, reserved 1048576K
}
Event: 5443.333 GC heap after
{Heap after GC invocations=3415 (full 6):
 PSYoungGen      total 7680K, used 617K [0x00000000d5580000, 0x00000000d6080000, 0x0000000100000000)
  eden space 6144K, 0% used [0x00000000d5580000,0x00000000d5580000,0x00000000d5b80000)
  from space 1536K, 40% used [0x00000000d5e00000,0x00000000d5e9a400,0x00000000d5f80000)
  to   space 1024K, 0% used [0x00000000d5f80000,0x00000000d5f80000,0x00000000d6080000)
 ParOldGen       total 1050112K, used 778301K [0x0000000080000000, 0x00000000c0180000, 0x00000000d5580000)
  object space 1050112K, 74% used [0x0000000080000000,0x00000000af80f6d0,0x00000000c0180000)
 Metaspace       used 98456K, committed 100288K, reserved 1179648K
  class space    used 9973K, committed 10816K, reserved 1048576K
}
Event: 5443.352 GC heap before
{Heap before GC invocations=3416 (full 6):
 PSYoungGen      total 7680K, used 6558K [0x00000000d5580000, 0x00000000d6080000, 0x0000000100000000)
  eden space 6144K, 96% used [0x00000000d5580000,0x00000000d5b4d7c0,0x00000000d5b80000)
  from space 1536K, 40% used [0x00000000d5e00000,0x00000000d5e9a400,0x00000000d5f80000)
  to   space 1024K, 0% used [0x00000000d5f80000,0x00000000d5f80000,0x00000000d6080000)
 ParOldGen       total 1050112K, used 778301K [0x0000000080000000, 0x00000000c0180000, 0x00000000d5580000)
  object space 1050112K, 74% used [0x0000000080000000,0x00000000af80f6d0,0x00000000c0180000)
 Metaspace       used 98456K, committed 100288K, reserved 1179648K
  class space    used 9973K, committed 10816K, reserved 1048576K
}
Event: 5443.355 GC heap after
{Heap after GC invocations=3416 (full 6):
 PSYoungGen      total 7168K, used 1005K [0x00000000d5580000, 0x00000000d6080000, 0x0000000100000000)
  eden space 6144K, 0% used [0x00000000d5580000,0x00000000d5580000,0x00000000d5b80000)
  from space 1024K, 98% used [0x00000000d5f80000,0x00000000d607b4c0,0x00000000d6080000)
  to   space 2560K, 0% used [0x00000000d5b80000,0x00000000d5b80000,0x00000000d5e00000)
 ParOldGen       total 1050112K, used 779450K [0x0000000080000000, 0x00000000c0180000, 0x00000000d5580000)
  object space 1050112K, 74% used [0x0000000080000000,0x00000000af92eb30,0x00000000c0180000)
 Metaspace       used 98456K, committed 100288K, reserved 1179648K
  class space    used 9973K, committed 10816K, reserved 1048576K
}
Event: 5443.369 GC heap before
{Heap before GC invocations=3417 (full 6):
 PSYoungGen      total 7168K, used 6506K [0x00000000d5580000, 0x00000000d6080000, 0x0000000100000000)
  eden space 6144K, 89% used [0x00000000d5580000,0x00000000d5adf588,0x00000000d5b80000)
  from space 1024K, 98% used [0x00000000d5f80000,0x00000000d607b4c0,0x00000000d6080000)
  to   space 2560K, 0% used [0x00000000d5b80000,0x00000000d5b80000,0x00000000d5e00000)
 ParOldGen       total 1050112K, used 779450K [0x0000000080000000, 0x00000000c0180000, 0x00000000d5580000)
  object space 1050112K, 74% used [0x0000000080000000,0x00000000af92eb30,0x00000000c0180000)
 Metaspace       used 98456K, committed 100288K, reserved 1179648K
  class space    used 9973K, committed 10816K, reserved 1048576K
}
Event: 5443.372 GC heap after
{Heap after GC invocations=3417 (full 6):
 PSYoungGen      total 8704K, used 2537K [0x00000000d5580000, 0x00000000d6780000, 0x0000000100000000)
  eden space 6144K, 0% used [0x00000000d5580000,0x00000000d5580000,0x00000000d5b80000)
  from space 2560K, 99% used [0x00000000d5b80000,0x00000000d5dfa628,0x00000000d5e00000)
  to   space 6144K, 0% used [0x00000000d6180000,0x00000000d6180000,0x00000000d6780000)
 ParOldGen       total 1050112K, used 782304K [0x0000000080000000, 0x00000000c0180000, 0x00000000d5580000)
  object space 1050112K, 74% used [0x0000000080000000,0x00000000afbf8020,0x00000000c0180000)
 Metaspace       used 98456K, committed 100288K, reserved 1179648K
  class space    used 9973K, committed 10816K, reserved 1048576K
}
Event: 5443.385 GC heap before
{Heap before GC invocations=3418 (full 6):
 PSYoungGen      total 8704K, used 8681K [0x00000000d5580000, 0x00000000d6780000, 0x0000000100000000)
  eden space 6144K, 100% used [0x00000000d5580000,0x00000000d5b80000,0x00000000d5b80000)
  from space 2560K, 99% used [0x00000000d5b80000,0x00000000d5dfa628,0x00000000d5e00000)
  to   space 6144K, 0% used [0x00000000d6180000,0x00000000d6180000,0x00000000d6780000)
 ParOldGen       total 1050112K, used 782304K [0x0000000080000000, 0x00000000c0180000, 0x00000000d5580000)
  object space 1050112K, 74% used [0x0000000080000000,0x00000000afbf8020,0x00000000c0180000)
 Metaspace       used 98456K, committed 100288K, reserved 1179648K
  class space    used 9973K, committed 10816K, reserved 1048576K
}
Event: 5443.389 GC heap after
{Heap after GC invocations=3418 (full 6):
 PSYoungGen      total 10240K, used 3739K [0x00000000d5580000, 0x00000000d6580000, 0x0000000100000000)
  eden space 6144K, 0% used [0x00000000d5580000,0x00000000d5580000,0x00000000d5b80000)
  from space 4096K, 91% used [0x00000000d6180000,0x00000000d6526e10,0x00000000d6580000)
  to   space 4608K, 0% used [0x00000000d5c80000,0x00000000d5c80000,0x00000000d6100000)
 ParOldGen       total 1050112K, used 784834K [0x0000000080000000, 0x00000000c0180000, 0x00000000d5580000)
  object space 1050112K, 74% used [0x0000000080000000,0x00000000afe70bc8,0x00000000c0180000)
 Metaspace       used 98456K, committed 100288K, reserved 1179648K
  class space    used 9973K, committed 10816K, reserved 1048576K
}
Event: 5443.407 GC heap before
{Heap before GC invocations=3419 (full 6):
 PSYoungGen      total 10240K, used 9883K [0x00000000d5580000, 0x00000000d6580000, 0x0000000100000000)
  eden space 6144K, 100% used [0x00000000d5580000,0x00000000d5b80000,0x00000000d5b80000)
  from space 4096K, 91% used [0x00000000d6180000,0x00000000d6526e10,0x00000000d6580000)
  to   space 4608K, 0% used [0x00000000d5c80000,0x00000000d5c80000,0x00000000d6100000)
 ParOldGen       total 1050112K, used 784834K [0x0000000080000000, 0x00000000c0180000, 0x00000000d5580000)
  object space 1050112K, 74% used [0x0000000080000000,0x00000000afe70bc8,0x00000000c0180000)
 Metaspace       used 98456K, committed 100288K, reserved 1179648K
  class space    used 9973K, committed 10816K, reserved 1048576K
}
Event: 5443.410 GC heap after
{Heap after GC invocations=3419 (full 6):
 PSYoungGen      total 7680K, used 1033K [0x00000000d5580000, 0x00000000d6200000, 0x0000000100000000)
  eden space 6144K, 0% used [0x00000000d5580000,0x00000000d5580000,0x00000000d5b80000)
  from space 1536K, 67% used [0x00000000d5c80000,0x00000000d5d82400,0x00000000d5e00000)
  to   space 2560K, 0% used [0x00000000d5f80000,0x00000000d5f80000,0x00000000d6200000)
 ParOldGen       total 1050112K, used 785871K [0x0000000080000000, 0x00000000c0180000, 0x00000000d5580000)
  object space 1050112K, 74% used [0x0000000080000000,0x00000000aff73fa8,0x00000000c0180000)
 Metaspace       used 98456K, committed 100288K, reserved 1179648K
  class space    used 9973K, committed 10816K, reserved 1048576K
}
Event: 5445.557 GC heap before
{Heap before GC invocations=3420 (full 6):
 PSYoungGen      total 7680K, used 7177K [0x00000000d5580000, 0x00000000d6200000, 0x0000000100000000)
  eden space 6144K, 100% used [0x00000000d5580000,0x00000000d5b80000,0x00000000d5b80000)
  from space 1536K, 67% used [0x00000000d5c80000,0x00000000d5d82400,0x00000000d5e00000)
  to   space 2560K, 0% used [0x00000000d5f80000,0x00000000d5f80000,0x00000000d6200000)
 ParOldGen       total 1050112K, used 785871K [0x0000000080000000, 0x00000000c0180000, 0x00000000d5580000)
  object space 1050112K, 74% used [0x0000000080000000,0x00000000aff73fa8,0x00000000c0180000)
 Metaspace       used 98456K, committed 100288K, reserved 1179648K
  class space    used 9973K, committed 10816K, reserved 1048576K
}
Event: 5445.560 GC heap after
{Heap after GC invocations=3420 (full 6):
 PSYoungGen      total 6656K, used 201K [0x00000000d5580000, 0x00000000d6000000, 0x0000000100000000)
  eden space 6144K, 0% used [0x00000000d5580000,0x00000000d5580000,0x00000000d5b80000)
  from space 512K, 39% used [0x00000000d5f80000,0x00000000d5fb2400,0x00000000d6000000)
  to   space 1024K, 0% used [0x00000000d5e00000,0x00000000d5e00000,0x00000000d5f00000)
 ParOldGen       total 1050112K, used 786403K [0x0000000080000000, 0x00000000c0180000, 0x00000000d5580000)
  object space 1050112K, 74% used [0x0000000080000000,0x00000000afff8fc8,0x00000000c0180000)
 Metaspace       used 98456K, committed 100288K, reserved 1179648K
  class space    used 9973K, committed 10816K, reserved 1048576K
}
Event: 12619.249 GC heap before
{Heap before GC invocations=3421 (full 6):
 PSYoungGen      total 6656K, used 6344K [0x00000000d5580000, 0x00000000d6000000, 0x0000000100000000)
  eden space 6144K, 99% used [0x00000000d5580000,0x00000000d5b7ffe8,0x00000000d5b80000)
  from space 512K, 39% used [0x00000000d5f80000,0x00000000d5fb2400,0x00000000d6000000)
  to   space 1024K, 0% used [0x00000000d5e00000,0x00000000d5e00000,0x00000000d5f00000)
 ParOldGen       total 1050112K, used 786403K [0x0000000080000000, 0x00000000c0180000, 0x00000000d5580000)
  object space 1050112K, 74% used [0x0000000080000000,0x00000000afff8fc8,0x00000000c0180000)
 Metaspace       used 98516K, committed 100288K, reserved 1179648K
  class space    used 9973K, committed 10816K, reserved 1048576K
}
Event: 12619.323 GC heap after
{Heap after GC invocations=3421 (full 6):
 PSYoungGen      total 7168K, used 160K [0x00000000d5580000, 0x00000000d6000000, 0x0000000100000000)
  eden space 6144K, 0% used [0x00000000d5580000,0x00000000d5580000,0x00000000d5b80000)
  from space 1024K, 15% used [0x00000000d5e00000,0x00000000d5e28000,0x00000000d5f00000)
  to   space 512K, 0% used [0x00000000d5f80000,0x00000000d5f80000,0x00000000d6000000)
 ParOldGen       total 1050112K, used 786427K [0x0000000080000000, 0x00000000c0180000, 0x00000000d5580000)
  object space 1050112K, 74% used [0x0000000080000000,0x00000000afffefc8,0x00000000c0180000)
 Metaspace       used 98516K, committed 100288K, reserved 1179648K
  class space    used 9973K, committed 10816K, reserved 1048576K
}
Event: 29483.066 GC heap before
{Heap before GC invocations=3422 (full 6):
 PSYoungGen      total 7168K, used 6304K [0x00000000d5580000, 0x00000000d6000000, 0x0000000100000000)
  eden space 6144K, 100% used [0x00000000d5580000,0x00000000d5b80000,0x00000000d5b80000)
  from space 1024K, 15% used [0x00000000d5e00000,0x00000000d5e28000,0x00000000d5f00000)
  to   space 512K, 0% used [0x00000000d5f80000,0x00000000d5f80000,0x00000000d6000000)
 ParOldGen       total 1050112K, used 786427K [0x0000000080000000, 0x00000000c0180000, 0x00000000d5580000)
  object space 1050112K, 74% used [0x0000000080000000,0x00000000afffefc8,0x00000000c0180000)
 Metaspace       used 98521K, committed 100352K, reserved 1179648K
  class space    used 9973K, committed 10816K, reserved 1048576K
}
Event: 29483.122 GC heap after
{Heap after GC invocations=3422 (full 6):
 PSYoungGen      total 6656K, used 96K [0x00000000d5580000, 0x00000000d6000000, 0x0000000100000000)
  eden space 6144K, 0% used [0x00000000d5580000,0x00000000d5580000,0x00000000d5b80000)
  from space 512K, 18% used [0x00000000d5f80000,0x00000000d5f98000,0x00000000d6000000)
  to   space 512K, 0% used [0x00000000d5f00000,0x00000000d5f00000,0x00000000d5f80000)
 ParOldGen       total 1050112K, used 786507K [0x0000000080000000, 0x00000000c0180000, 0x00000000d5580000)
  object space 1050112K, 74% used [0x0000000080000000,0x00000000b0012fd8,0x00000000c0180000)
 Metaspace       used 98521K, committed 100352K, reserved 1179648K
  class space    used 9973K, committed 10816K, reserved 1048576K
}

